Arguments: 
  /usr/local/bin/node /usr/local/bin/yarn add axios

PATH: 
  /usr/local/sbin:/usr/local/bin:/usr/sbin:/usr/bin:/sbin:/bin:/usr/games:/usr/local/games:/snap/bin:/snap/bin:/home/fullstackbeast/.dotnet/tools

Yarn version: 
  1.22.19

Node version: 
  18.12.1

Platform: 
  linux x64

Trace: 
  Error: connect ENETUNREACH 2606:4700::6810:1423:443 - Local (:::0)
      at internalConnect (node:net:1053:16)
      at defaultTriggerAsyncIdScope (node:internal/async_hooks:464:18)
      at emitLookup (node:net:1209:9)
      at /usr/local/lib/node_modules/yarn/lib/cli.js:103606:29
      at /usr/local/lib/node_modules/yarn/lib/cli.js:103452:25
      at module.exports.RawTask.call (/usr/local/lib/node_modules/yarn/lib/cli.js:79584:19)
      at flush (/usr/local/lib/node_modules/yarn/lib/cli.js:79666:29)
      at process.processTicksAndRejections (node:internal/process/task_queues:77:11)

npm manifest: 
  {
    "name": "vidly-frontend",
    "version": "0.1.0",
    "private": true,
    "dependencies": {
      "@testing-library/jest-dom": "^5.16.5",
      "@testing-library/react": "^13.4.0",
      "@testing-library/user-event": "^13.5.0",
      "react": "^18.2.0",
      "react-dom": "^18.2.0",
      "react-scripts": "5.0.1",
      "web-vitals": "^2.1.4"
    },
    "scripts": {
      "start": "react-scripts start",
      "build": "react-scripts build",
      "test": "react-scripts test",
      "eject": "react-scripts eject"
    },
    "eslintConfig": {
      "extends": [
        "react-app",
        "react-app/jest"
      ]
    },
    "browserslist": {
      "production": [
        ">0.2%",
        "not dead",
        "not op_mini all"
      ],
      "development": [
        "last 1 chrome version",
        "last 1 firefox version",
        "last 1 safari version"
      ]
    }
  }

yarn manifest: 
  No manifest

Lockfile: 
  No lockfile
